2023-12-15 19:50:04,781 [3] INFO   
 - Чтение файла：新建文本文档1.txt
2023-12-15 19:50:04,809 [3] INFO   
 - Решение уравнения сводится к：
X0+X1+X2+X3+X4=15
X0+2X1+X2+X3+X4=16
X0+X1+2X2+X3+X4=17
X0+X1+X2+2X3+X4=18
X0+X1+X2+X3+2X4=19

2023-12-15 19:50:04,830 [3] ERROR  
 - System.FormatException: Входная строка имела неверный формат.
   в System.Number.ParseDouble(String value, NumberStyles options, NumberFormatInfo numfmt)
   в System.Convert.ToDouble(String value)
   в Iterative.MainForm.CalcSolution(CalcMethods method, List`1 d, Double[] solution) в D:\vs\Solve-Linear-Equations-master\Calculate\Form1.cs:строка 89
   в Iterative.MainForm.Run() в D:\vs\Solve-Linear-Equations-master\Calculate\Form1.cs:строка 170
2023-12-15 19:50:04,836 [3] INFO   
 - Чтение файла：新建文本文档2.txt
2023-12-15 19:50:04,837 [3] INFO   
 - Решение уравнения сводится к：
10X0-2X1-1X2=3
-2X0+10X1-1X2=15
-1X0-2X1+5X2=10

2023-12-15 19:50:04,841 [3] ERROR  
 - System.FormatException: Входная строка имела неверный формат.
   в System.Number.ParseDouble(String value, NumberStyles options, NumberFormatInfo numfmt)
   в System.Convert.ToDouble(String value)
   в Iterative.MainForm.CalcSolution(CalcMethods method, List`1 d, Double[] solution) в D:\vs\Solve-Linear-Equations-master\Calculate\Form1.cs:строка 89
   в Iterative.MainForm.Run() в D:\vs\Solve-Linear-Equations-master\Calculate\Form1.cs:строка 170
2023-12-15 19:50:04,845 [3] ERROR  
 - System.Exception: Ошибка：D:\vs\Solve-Linear-Equations-master\Calculate\bin\Release\input\新建文本文档3.txtФайл пуст！
   в Iterative.MainForm.readData(String filePath) в D:\vs\Solve-Linear-Equations-master\Calculate\Form1.cs:строка 199
   в Iterative.MainForm.Run() в D:\vs\Solve-Linear-Equations-master\Calculate\Form1.cs:строка 158
2023-12-15 19:50:04,851 [3] ERROR  
 - System.Exception: Ошибка：D:\vs\Solve-Linear-Equations-master\Calculate\bin\Release\input\新建文本文档4.txtФайл пуст！
   в Iterative.MainForm.readData(String filePath) в D:\vs\Solve-Linear-Equations-master\Calculate\Form1.cs:строка 199
   в Iterative.MainForm.Run() в D:\vs\Solve-Linear-Equations-master\Calculate\Form1.cs:строка 158
2023-12-15 19:50:04,855 [3] ERROR  
 - System.Exception: Ошибка：D:\vs\Solve-Linear-Equations-master\Calculate\bin\Release\input\新建文本文档5.txtФайл пуст！
   в Iterative.MainForm.readData(String filePath) в D:\vs\Solve-Linear-Equations-master\Calculate\Form1.cs:строка 199
   в Iterative.MainForm.Run() в D:\vs\Solve-Linear-Equations-master\Calculate\Form1.cs:строка 158
2023-12-15 19:50:04,859 [3] ERROR  
 - System.Exception: Ошибка：D:\vs\Solve-Linear-Equations-master\Calculate\bin\Release\input\新建文本文档6.txtФайл пуст！
   в Iterative.MainForm.readData(String filePath) в D:\vs\Solve-Linear-Equations-master\Calculate\Form1.cs:строка 199
   в Iterative.MainForm.Run() в D:\vs\Solve-Linear-Equations-master\Calculate\Form1.cs:строка 158
2023-12-15 19:50:04,862 [3] INFO   
 - Чтение файла：新建文本文档7.txt
2023-12-15 19:50:04,863 [3] INFO   
 - Решение уравнения сводится к：
10X0-2X1-1X2=3
-2X0+10X1-1X2=15
-1X0-2X1+5X2=10

2023-12-15 19:50:04,867 [3] ERROR  
 - System.FormatException: Входная строка имела неверный формат.
   в System.Number.ParseDouble(String value, NumberStyles options, NumberFormatInfo numfmt)
   в System.Convert.ToDouble(String value)
   в Iterative.MainForm.CalcSolution(CalcMethods method, List`1 d, Double[] solution) в D:\vs\Solve-Linear-Equations-master\Calculate\Form1.cs:строка 89
   в Iterative.MainForm.Run() в D:\vs\Solve-Linear-Equations-master\Calculate\Form1.cs:строка 170
